
****** PlanAhead v14.7 (64-bit)
  **** Build 321239 by xbuild on Fri Sep 27 19:29:51 MDT 2013
    ** Copyright 1986-1999, 2001-2013 Xilinx, Inc. All Rights Reserved.

INFO: [Common 17-78] Attempting to get a license: PlanAhead
INFO: [Common 17-290] Got license for PlanAhead
INFO: [Device 21-36] Loading parts and site information from C:/Xilinx/14.7/ISE_DS/PlanAhead/data/parts/arch.xml
Parsing RTL primitives file [C:/Xilinx/14.7/ISE_DS/PlanAhead/data/parts/xilinx/rtl/prims/rtl_prims.xml]
Finished parsing RTL primitives file [C:/Xilinx/14.7/ISE_DS/PlanAhead/data/parts/xilinx/rtl/prims/rtl_prims.xml]
start_gui
source C:/Users/ASUS/Desktop/FPGA_Project/Mechanical_clock/pa.fromHdl.tcl
# create_project -name Mechanical_clock -dir "C:/Users/ASUS/Desktop/FPGA_Project/Mechanical_clock/planAhead_run_5" -part xc6slx9tqg144-3
# set_param project.pinAheadLayout yes
# set srcset [get_property srcset [current_run -impl]]
# set_property target_constrs_file "MECHANICAL_CLOCK.ucf" [current_fileset -constrset]
Adding file 'C:/Users/ASUS/Desktop/FPGA_Project/Mechanical_clock/MECHANICAL_CLOCK.ucf' to fileset 'constrs_1'
# set hdlfile [add_files [list {UART_TX.vhd}]]
# set_property file_type VHDL $hdlfile
# set_property library work $hdlfile
# set hdlfile [add_files [list {UART_RX.vhd}]]
# set_property file_type VHDL $hdlfile
# set_property library work $hdlfile
# set hdlfile [add_files [list {DIV20M_1.vhd}]]
# set_property file_type VHDL $hdlfile
# set_property library work $hdlfile
# set hdlfile [add_files [list {BCD_7SEGMENT.vhd}]]
# set_property file_type VHDL $hdlfile
# set_property library work $hdlfile
# set hdlfile [add_files [list {MECHANICAL_CLOCK.vhd}]]
# set_property file_type VHDL $hdlfile
# set_property library work $hdlfile
# set_property top MECHANICAL_CLOCK $srcset
# add_files [list {MECHANICAL_CLOCK.ucf}] -fileset [get_property constrset [current_run]]
# open_rtl_design -part xc6slx9tqg144-3
Using Verific elaboration
Parsing VHDL file "C:/Xilinx/14.7/ISE_DS/PlanAhead/data/parts/xilinx/rtl/lib/synplify/synattr.vhd" into library synplify
Parsing VHDL file "C:/Xilinx/14.7/ISE_DS/PlanAhead/data/parts/xilinx/rtl/lib/synplify/synattr.vhd" into library synplify
Parsing VHDL file "C:/Users/ASUS/Desktop/FPGA_Project/Mechanical_clock/UART_TX.vhd" into library work
Parsing VHDL file "C:/Users/ASUS/Desktop/FPGA_Project/Mechanical_clock/UART_RX.vhd" into library work
Parsing VHDL file "C:/Users/ASUS/Desktop/FPGA_Project/Mechanical_clock/DIV20M_1.vhd" into library work
Parsing VHDL file "C:/Users/ASUS/Desktop/FPGA_Project/Mechanical_clock/BCD_7SEGMENT.vhd" into library work
Parsing VHDL file "C:/Users/ASUS/Desktop/FPGA_Project/Mechanical_clock/MECHANICAL_CLOCK.vhd" into library work
Loading clock regions from C:/Xilinx/14.7/ISE_DS/PlanAhead/data\parts/xilinx/spartan6/spartan6lx/xc6slx9/ClockRegion.xml
Loading clock buffers from C:/Xilinx/14.7/ISE_DS/PlanAhead/data\parts/xilinx/spartan6/spartan6lx/xc6slx9/ClockBuffers.xml
Loading package pin functions from C:/Xilinx/14.7/ISE_DS/PlanAhead/data\parts/xilinx/spartan6/PinFunctions.xml...
Loading package from C:/Xilinx/14.7/ISE_DS/PlanAhead/data\parts/xilinx/spartan6/spartan6lx/xc6slx9/tqg144/Package.xml
Loading io standards from C:/Xilinx/14.7/ISE_DS/PlanAhead/data\./parts/xilinx/spartan6/IOStandards.xml
Loading device configuration modes from C:/Xilinx/14.7/ISE_DS/PlanAhead/data\parts/xilinx/spartan6/ConfigModes.xml
Loading list of drcs for the architecture : C:/Xilinx/14.7/ISE_DS/PlanAhead/data\./parts/xilinx/spartan6/drc.xml
Parsing UCF File [C:/Users/ASUS/Desktop/FPGA_Project/Mechanical_clock/MECHANICAL_CLOCK.ucf]
Finished Parsing UCF File [C:/Users/ASUS/Desktop/FPGA_Project/Mechanical_clock/MECHANICAL_CLOCK.ucf]
INFO: [Project 1-111] Unisim Transformation Summary:
No Unisim elements were transformed.

Phase 0 | Netlist Checksum: f1041ed3
open_rtl_design: Time (s): elapsed = 00:00:09 . Memory (MB): peak = 682.023 ; gain = 168.867
update_compile_order -fileset sim_1
set_property package_pin "" [get_ports [list  RESET_BUTTON]]
set_property is_loc_fixed false [get_ports [list  {INPUT_DATA[7]}]]
set_property is_loc_fixed false [get_ports [list  {INPUT_DATA[6]}]]
set_property is_loc_fixed true [get_ports [list  {INPUT_DATA[7]}]]
set_property is_loc_fixed true [get_ports [list  {INPUT_DATA[6]}]]
set_property package_pin "" [get_ports [list  {INPUT_DATA[7]}]]
set_property package_pin "" [get_ports [list  {INPUT_DATA[6]}]]
set_property package_pin "" [get_ports [list  {INPUT_DATA[5]}]]
set_property package_pin "" [get_ports [list  {INPUT_DATA[4]}]]
set_property package_pin "" [get_ports [list  {INPUT_DATA[3]}]]
set_property package_pin "" [get_ports [list  {INPUT_DATA[2]}]]
set_property package_pin "" [get_ports [list  {INPUT_DATA[1]}]]
undo
INFO: [Common 17-17] undo 'set_property package_pin "" [get_ports [list  {INPUT_DATA[1]}]]'
undo
INFO: [Common 17-17] undo 'set_property package_pin "" [get_ports [list  {INPUT_DATA[2]}]]'
undo
INFO: [Common 17-17] undo 'set_property package_pin "" [get_ports [list  {INPUT_DATA[3]}]]'
undo
INFO: [Common 17-17] undo 'set_property package_pin "" [get_ports [list  {INPUT_DATA[4]}]]'
undo
INFO: [Common 17-17] undo 'set_property package_pin "" [get_ports [list  {INPUT_DATA[5]}]]'
undo
INFO: [Common 17-17] undo 'set_property package_pin "" [get_ports [list  {INPUT_DATA[6]}]]'
undo
INFO: [Common 17-17] undo 'set_property package_pin "" [get_ports [list  {INPUT_DATA[7]}]]'
set_property package_pin "" [get_ports [list  {INPUT_DATA[0]}]]
startgroup
set_property package_pin P51 [get_ports RESET_BUTTON]
endgroup
save_constraints
exit
ERROR: [Common 17-39] 'stop_gui' failed due to earlier errors.
INFO: [Common 17-206] Exiting PlanAhead at Fri May 20 20:29:29 2022...
INFO: [Common 17-83] Releasing license: PlanAhead
