#-----------------------------------------------------------
# PlanAhead v14.7 (64-bit)
# Build 321239 by xbuild on Fri Sep 27 19:29:51 MDT 2013
# Start of session at: Mon May 09 21:57:11 2022
# Process ID: 11004
# Log file: C:/Users/ASUS/Desktop/FPGA_Project/Mechanical_clock/planAhead_run_2/planAhead.log
# Journal file: C:/Users/ASUS/Desktop/FPGA_Project/Mechanical_clock/planAhead_run_2/planAhead.jou
#-----------------------------------------------------------
INFO: [Common 17-78] Attempting to get a license: PlanAhead
INFO: [Common 17-290] Got license for PlanAhead
INFO: [Device 21-36] Loading parts and site information from C:/Xilinx/14.7/ISE_DS/PlanAhead/data/parts/arch.xml
Parsing RTL primitives file [C:/Xilinx/14.7/ISE_DS/PlanAhead/data/parts/xilinx/rtl/prims/rtl_prims.xml]
Finished parsing RTL primitives file [C:/Xilinx/14.7/ISE_DS/PlanAhead/data/parts/xilinx/rtl/prims/rtl_prims.xml]
start_gui
source C:/Users/ASUS/Desktop/FPGA_Project/Mechanical_clock/pa.fromHdl.tcl
# create_project -name Mechanical_clock -dir "C:/Users/ASUS/Desktop/FPGA_Project/Mechanical_clock/planAhead_run_2" -part xc6slx9tqg144-3
ERROR: [Common 17-53] User Exception: Project already exists on disk, please use '-force' option to overwrite: 
     C:/Users/ASUS/Desktop/FPGA_Project/Mechanical_clock/planAhead_run_2/Mechanical_clock.ppr
     C:/Users/ASUS/Desktop/FPGA_Project/Mechanical_clock/planAhead_run_2/Mechanical_clock.data

    while executing
"create_project -name Mechanical_clock -dir "C:/Users/ASUS/Desktop/FPGA_Project/Mechanical_clock/planAhead_run_2" -part xc6slx9tqg144-3"
    (file "C:/Users/ASUS/Desktop/FPGA_Project/Mechanical_clock/pa.fromHdl.tcl" line 4)
exit
INFO: [Common 17-206] Exiting PlanAhead at Mon May 09 21:59:56 2022...
INFO: [Common 17-83] Releasing license: PlanAhead
