Running: fuse.exe -relaunch -intstyle "ise" -incremental -lib "secureip" -o "C:/Users/ASUS/Desktop/FPGA_Project/Mechanical_clock/MECHANICAL_CLOCK_isim_beh.exe" -prj "C:/Users/ASUS/Desktop/FPGA_Project/Mechanical_clock/MECHANICAL_CLOCK_beh.prj" "work.MECHANICAL_CLOCK" 
ISim P.20131013 (signature 0x7708f090)
Number of CPUs detected in this system: 12
Turning on mult-threading, number of parallel sub-compilation jobs: 24 
Determining compilation order of HDL files
Parsing VHDL file "C:/Users/ASUS/Desktop/FPGA_Project/Mechanical_clock/UART_TX.vhd" into library work
Parsing VHDL file "C:/Users/ASUS/Desktop/FPGA_Project/Mechanical_clock/MECHANICAL_CLOCK.vhd" into library work
Starting static elaboration
Completed static elaboration
Compiling package standard
Compiling package std_logic_1164
Compiling package numeric_std
Compiling architecture behavioral of entity UART_TX [\UART_TX(174)\]
Compiling architecture behavioral of entity mechanical_clock
Time Resolution for simulation is 1ps.
WARNING:Simulator - Unable to copy libPortabilityNOSH.dll to the simulation executable directory: boost::filesystem::copy_file: The system cannot find the path specified, "isim\MECHANICAL_CLOCK_isim_beh.exe.sim\libPortability.dll".
Compiled 6 VHDL Units
Built simulation executable C:/Users/ASUS/Desktop/FPGA_Project/Mechanical_clock/MECHANICAL_CLOCK_isim_beh.exe
Fuse Memory Usage: 35512 KB
Fuse CPU Usage: 358 ms
