Release 14.7 - ngc2edif P.20131013 (nt64)
Copyright (c) 1995-2013 Xilinx, Inc.  All rights reserved.
Reading design MECHANICAL_CLOCK.ngc ...
WARNING:NetListWriters:298 - No output is written to MECHANICAL_CLOCK.xncf,
   ignored.
Processing design ...
   Preping design's networks ...
   Preping design's macros ...
WARNING:NetListWriters:306 - Signal bus r_Payload_14[6 : 0] on block
   MECHANICAL_CLOCK is not reconstructed, because there are some missing bus
   signals.
WARNING:NetListWriters:306 - Signal bus r_Payload_15[6 : 0] on block
   MECHANICAL_CLOCK is not reconstructed, because there are some missing bus
   signals.
WARNING:NetListWriters:306 - Signal bus r_Payload_16[6 : 0] on block
   MECHANICAL_CLOCK is not reconstructed, because there are some missing bus
   signals.
WARNING:NetListWriters:306 - Signal bus r_Input_Byte[6 : 0] on block
   MECHANICAL_CLOCK is not reconstructed, because there are some missing bus
   signals.
  finished :Prep
Writing EDIF netlist file MECHANICAL_CLOCK.edif ...
ngc2edif: Total memory usage is 4315368 kilobytes

